[2026-04-09 14:55:56] SYSTEM BOOT
[2026-04-09 14:56:04] LOGIN SUCCESS: guest
[2026-04-09 14:56:05] COMMAND: guest executed 'ls'
[2026-04-09 14:56:11] COMMAND: guest executed 'clear'
[2026-04-09 14:56:29] COMMAND: guest executed 'shutdown'
[2026-04-09 19:36:16] SYSTEM BOOT
[2026-04-09 19:36:23] LOGIN SUCCESS: guest
[2026-04-09 19:38:04] SYSTEM BOOT
[2026-04-09 19:38:10] LOGIN SUCCESS: guest
[2026-04-09 19:38:12] COMMAND: guest executed 'ls'
[2026-04-09 19:38:48] COMMAND: guest executed 'shutdown '
[2026-04-09 19:38:48] SYSTEM SHUTDOWN
[2026-04-09 19:40:00] SYSTEM BOOT
[2026-04-09 19:40:07] LOGIN SUCCESS: guest
[2026-04-09 19:40:26] COMMAND: guest executed 'clear'
[2026-04-09 19:40:28] COMMAND: guest executed 'ls'
[2026-04-09 19:40:34] COMMAND: guest executed 'cat readme.txt'
[2026-04-09 19:42:47] SYSTEM BOOT
[2026-04-09 19:42:52] LOGIN SUCCESS: guest
[2026-04-09 19:42:54] COMMAND: guest executed 'ls'
[2026-04-09 19:43:00] COMMAND: guest executed 'cat readme.txt'
[2026-04-09 19:43:02] COMMAND: guest executed 'ls'
[2026-04-09 19:43:13] COMMAND: guest executed 'cat message.txt'
[2026-04-09 19:43:24] COMMAND: guest executed 'decrypt message.txt'
[2026-04-09 19:43:44] COMMAND: guest executed 'decode message.txt'
[2026-04-09 19:43:53] COMMAND: guest executed 'clear'
[2026-04-09 19:43:56] COMMAND: guest executed 'exit'
[2026-04-09 19:44:00] COMMAND: guest executed 'clear'
[2026-04-09 19:44:03] COMMAND: guest executed 'help'
[2026-04-09 19:44:22] COMMAND: guest executed 'help submit'
[2026-04-09 19:44:26] COMMAND: guest executed 'clear'
[2026-04-09 19:44:31] COMMAND: guest executed 'shutdown'
[2026-04-09 19:44:31] SYSTEM SHUTDOWN
